[0809/180647.433:ERROR:process_reader_win.cc(123)] NtOpenThread: {Access Denied} A process has requested access to an object, but has not been granted those access rights. (0xc0000022)
[0809/180647.434:ERROR:process_reader_win.cc(123)] NtOpenThread: {Access Denied} A process has requested access to an object, but has not been granted those access rights. (0xc0000022)
[0809/180647.452:ERROR:exception_snapshot_win.cc(98)] thread ID 21364 not found in process
[0809/180647.452:ERROR:exception_snapshot_win.cc(98)] thread ID 20588 not found in process
[0809/180647.463:ERROR:process_reader_win.cc(123)] NtOpenThread: {Access Denied} A process has requested access to an object, but has not been granted those access rights. (0xc0000022)
[0809/180647.464:ERROR:exception_snapshot_win.cc(98)] thread ID 17520 not found in process
[0809/180647.465:ERROR:process_reader_win.cc(123)] NtOpenThread: {Access Denied} A process has requested access to an object, but has not been granted those access rights. (0xc0000022)
[0809/180647.465:ERROR:exception_snapshot_win.cc(98)] thread ID 7736 not found in process
[0809/180647.467:ERROR:process_reader_win.cc(123)] NtOpenThread: {Access Denied} A process has requested access to an object, but has not been granted those access rights. (0xc0000022)
[0809/180647.468:ERROR:exception_snapshot_win.cc(98)] thread ID 21120 not found in process
[0809/180647.470:ERROR:process_reader_win.cc(123)] NtOpenThread: {Access Denied} A process has requested access to an object, but has not been granted those access rights. (0xc0000022)
[0809/180647.470:ERROR:exception_snapshot_win.cc(98)] thread ID 7708 not found in process
[0809/180647.468:ERROR:process_reader_win.cc(151)] SuspendThread: Access is denied. (0x5)
[0809/180647.470:ERROR:process_reader_win.cc(151)] SuspendThread: Access is denied. (0x5)
[0809/180647.470:ERROR:process_reader_win.cc(151)] SuspendThread: Access is denied. (0x5)
[0809/180647.470:ERROR:process_reader_win.cc(123)] NtOpenThread: {Access Denied} A process has requested access to an object, but has not been granted those access rights. (0xc0000022)
[0809/180647.470:ERROR:exception_snapshot_win.cc(98)] thread ID 16784 not found in process
[0809/180647.481:ERROR:process_reader_win.cc(123)] NtOpenThread: {Access Denied} A process has requested access to an object, but has not been granted those access rights. (0xc0000022)
[0809/180647.482:ERROR:exception_snapshot_win.cc(98)] thread ID 21612 not found in process
[0809/180647.484:ERROR:process_reader_win.cc(151)] SuspendThread: Access is denied. (0x5)
[0809/180647.484:ERROR:process_reader_win.cc(123)] NtOpenThread: {Access Denied} A process has requested access to an object, but has not been granted those access rights. (0xc0000022)
[0809/180647.484:ERROR:exception_snapshot_win.cc(98)] thread ID 10448 not found in process
[0809/180647.486:ERROR:process_reader_win.cc(151)] SuspendThread: Access is denied. (0x5)
[0809/180647.486:ERROR:process_reader_win.cc(123)] NtOpenThread: {Access Denied} A process has requested access to an object, but has not been granted those access rights. (0xc0000022)
[0809/180647.486:ERROR:exception_snapshot_win.cc(98)] thread ID 9236 not found in process
[0809/180647.493:ERROR:process_reader_win.cc(123)] NtOpenThread: {Access Denied} A process has requested access to an object, but has not been granted those access rights. (0xc0000022)
[0809/180647.493:ERROR:process_reader_win.cc(123)] NtOpenThread: {Access Denied} A process has requested access to an object, but has not been granted those access rights. (0xc0000022)
[0809/180647.493:ERROR:exception_snapshot_win.cc(98)] thread ID 19180 not found in process
[0809/180647.493:ERROR:exception_snapshot_win.cc(98)] thread ID 19324 not found in process
[0809/180647.501:ERROR:process_reader_win.cc(123)] NtOpenThread: {Access Denied} A process has requested access to an object, but has not been granted those access rights. (0xc0000022)
[0809/180647.501:ERROR:exception_snapshot_win.cc(98)] thread ID 3480 not found in process
[0817/000455.633:ERROR:process_info.cc(329)] VirtualQueryEx: Access is denied. (0x5)
[0817/000455.636:ERROR:process_info.cc(556)] ReadMemoryInfo failed
[0817/000455.632:ERROR:process_reader_win.cc(123)] NtOpenThread: {Access Denied} A process has requested access to an object, but has not been granted those access rights. (0xc0000022)
[0817/000455.636:ERROR:process_reader_win.cc(123)] NtOpenThread: {Access Denied} A process has requested access to an object, but has not been granted those access rights. (0xc0000022)
[0817/000455.634:ERROR:process_reader_win.cc(123)] NtOpenThread: {Access Denied} A process has requested access to an object, but has not been granted those access rights. (0xc0000022)
[0817/000455.636:ERROR:scoped_process_suspend.cc(40)] NtResumeProcess: An attempt was made to access an exiting process. (0xc000010a)
[0817/000455.653:ERROR:exception_snapshot_win.cc(98)] thread ID 3168 not found in process
[0817/000455.653:ERROR:exception_snapshot_win.cc(98)] thread ID 19920 not found in process
[0817/000455.654:ERROR:exception_snapshot_win.cc(98)] thread ID 21788 not found in process
[0817/000455.631:ERROR:process_reader_win.cc(123)] NtOpenThread: {Access Denied} A process has requested access to an object, but has not been granted those access rights. (0xc0000022)
[0817/000455.655:ERROR:exception_snapshot_win.cc(98)] thread ID 21268 not found in process
[0817/000455.665:ERROR:process_reader_win.cc(123)] NtOpenThread: {Access Denied} A process has requested access to an object, but has not been granted those access rights. (0xc0000022)
[0817/000455.665:ERROR:exception_snapshot_win.cc(98)] thread ID 9772 not found in process
[0817/000455.668:ERROR:process_reader_win.cc(123)] NtOpenThread: {Access Denied} A process has requested access to an object, but has not been granted those access rights. (0xc0000022)
[0817/000455.668:ERROR:exception_snapshot_win.cc(98)] thread ID 14072 not found in process
[0817/000455.671:ERROR:process_reader_win.cc(123)] NtOpenThread: {Access Denied} A process has requested access to an object, but has not been granted those access rights. (0xc0000022)
[0817/000455.671:ERROR:exception_snapshot_win.cc(98)] thread ID 19072 not found in process
[0817/000455.698:ERROR:process_reader_win.cc(123)] NtOpenThread: {Access Denied} A process has requested access to an object, but has not been granted those access rights. (0xc0000022)
[0817/000455.698:ERROR:exception_snapshot_win.cc(98)] thread ID 19440 not found in process
